<?xml version="1.0" encoding="UTF-8"?>
<testsuite xmlns:xsi="http://www.w3.org/2001/XMLSchema-instance" xsi:noNamespaceSchemaLocation="https://maven.apache.org/surefire/maven-surefire-plugin/xsd/surefire-test-report.xsd" name="cc.hydata.createhtml.freemaker_gernerate.FreemakerGernerateApplicationTests" time="0.086" tests="1" errors="1" skipped="0" failures="0">
  <properties>
    <property name="sun.desktop" value="windows"/>
    <property name="awt.toolkit" value="sun.awt.windows.WToolkit"/>
    <property name="file.encoding.pkg" value="sun.io"/>
    <property name="java.specification.version" value="1.8"/>
    <property name="sun.cpu.isalist" value="amd64"/>
    <property name="sun.jnu.encoding" value="GBK"/>
    <property name="java.class.path" value="E:\HYDATACODE\freemaker_gernerate\target\test-classes;E:\HYDATACODE\freemaker_gernerate\target\classes;E:\maven\repository_maven\org\springframework\boot\spring-boot-starter-freemarker\2.1.6.RELEASE\spring-boot-starter-freemarker-2.1.6.RELEASE.jar;E:\maven\repository_maven\org\springframework\boot\spring-boot-starter\2.1.6.RELEASE\spring-boot-starter-2.1.6.RELEASE.jar;E:\maven\repository_maven\org\springframework\boot\spring-boot\2.1.6.RELEASE\spring-boot-2.1.6.RELEASE.jar;E:\maven\repository_maven\org\springframework\boot\spring-boot-autoconfigure\2.1.6.RELEASE\spring-boot-autoconfigure-2.1.6.RELEASE.jar;E:\maven\repository_maven\org\springframework\boot\spring-boot-starter-logging\2.1.6.RELEASE\spring-boot-starter-logging-2.1.6.RELEASE.jar;E:\maven\repository_maven\ch\qos\logback\logback-classic\1.2.3\logback-classic-1.2.3.jar;E:\maven\repository_maven\ch\qos\logback\logback-core\1.2.3\logback-core-1.2.3.jar;E:\maven\repository_maven\org\apache\logging\log4j\log4j-to-slf4j\2.11.2\log4j-to-slf4j-2.11.2.jar;E:\maven\repository_maven\org\apache\logging\log4j\log4j-api\2.11.2\log4j-api-2.11.2.jar;E:\maven\repository_maven\org\slf4j\jul-to-slf4j\1.7.26\jul-to-slf4j-1.7.26.jar;E:\maven\repository_maven\javax\annotation\javax.annotation-api\1.3.2\javax.annotation-api-1.3.2.jar;E:\maven\repository_maven\org\yaml\snakeyaml\1.23\snakeyaml-1.23.jar;E:\maven\repository_maven\org\freemarker\freemarker\2.3.28\freemarker-2.3.28.jar;E:\maven\repository_maven\org\springframework\spring-context-support\5.1.8.RELEASE\spring-context-support-5.1.8.RELEASE.jar;E:\maven\repository_maven\org\springframework\spring-beans\5.1.8.RELEASE\spring-beans-5.1.8.RELEASE.jar;E:\maven\repository_maven\org\springframework\spring-context\5.1.8.RELEASE\spring-context-5.1.8.RELEASE.jar;E:\maven\repository_maven\org\springframework\boot\spring-boot-starter-web\2.1.6.RELEASE\spring-boot-starter-web-2.1.6.RELEASE.jar;E:\maven\repository_maven\org\springframework\boot\spring-boot-starter-json\2.1.6.RELEASE\spring-boot-starter-json-2.1.6.RELEASE.jar;E:\maven\repository_maven\com\fasterxml\jackson\core\jackson-databind\2.9.9\jackson-databind-2.9.9.jar;E:\maven\repository_maven\com\fasterxml\jackson\core\jackson-annotations\2.9.0\jackson-annotations-2.9.0.jar;E:\maven\repository_maven\com\fasterxml\jackson\core\jackson-core\2.9.9\jackson-core-2.9.9.jar;E:\maven\repository_maven\com\fasterxml\jackson\datatype\jackson-datatype-jdk8\2.9.9\jackson-datatype-jdk8-2.9.9.jar;E:\maven\repository_maven\com\fasterxml\jackson\datatype\jackson-datatype-jsr310\2.9.9\jackson-datatype-jsr310-2.9.9.jar;E:\maven\repository_maven\com\fasterxml\jackson\module\jackson-module-parameter-names\2.9.9\jackson-module-parameter-names-2.9.9.jar;E:\maven\repository_maven\org\springframework\boot\spring-boot-starter-tomcat\2.1.6.RELEASE\spring-boot-starter-tomcat-2.1.6.RELEASE.jar;E:\maven\repository_maven\org\apache\tomcat\embed\tomcat-embed-core\9.0.21\tomcat-embed-core-9.0.21.jar;E:\maven\repository_maven\org\apache\tomcat\embed\tomcat-embed-el\9.0.21\tomcat-embed-el-9.0.21.jar;E:\maven\repository_maven\org\apache\tomcat\embed\tomcat-embed-websocket\9.0.21\tomcat-embed-websocket-9.0.21.jar;E:\maven\repository_maven\org\hibernate\validator\hibernate-validator\6.0.17.Final\hibernate-validator-6.0.17.Final.jar;E:\maven\repository_maven\javax\validation\validation-api\2.0.1.Final\validation-api-2.0.1.Final.jar;E:\maven\repository_maven\org\jboss\logging\jboss-logging\3.3.2.Final\jboss-logging-3.3.2.Final.jar;E:\maven\repository_maven\com\fasterxml\classmate\1.4.0\classmate-1.4.0.jar;E:\maven\repository_maven\org\springframework\spring-web\5.1.8.RELEASE\spring-web-5.1.8.RELEASE.jar;E:\maven\repository_maven\org\springframework\spring-webmvc\5.1.8.RELEASE\spring-webmvc-5.1.8.RELEASE.jar;E:\maven\repository_maven\org\springframework\spring-aop\5.1.8.RELEASE\spring-aop-5.1.8.RELEASE.jar;E:\maven\repository_maven\org\springframework\spring-expression\5.1.8.RELEASE\spring-expression-5.1.8.RELEASE.jar;E:\maven\repository_maven\org\springframework\boot\spring-boot-starter-test\2.1.6.RELEASE\spring-boot-starter-test-2.1.6.RELEASE.jar;E:\maven\repository_maven\org\springframework\boot\spring-boot-test\2.1.6.RELEASE\spring-boot-test-2.1.6.RELEASE.jar;E:\maven\repository_maven\org\springframework\boot\spring-boot-test-autoconfigure\2.1.6.RELEASE\spring-boot-test-autoconfigure-2.1.6.RELEASE.jar;E:\maven\repository_maven\com\jayway\jsonpath\json-path\2.4.0\json-path-2.4.0.jar;E:\maven\repository_maven\net\minidev\json-smart\2.3\json-smart-2.3.jar;E:\maven\repository_maven\net\minidev\accessors-smart\1.2\accessors-smart-1.2.jar;E:\maven\repository_maven\org\ow2\asm\asm\5.0.4\asm-5.0.4.jar;E:\maven\repository_maven\org\slf4j\slf4j-api\1.7.26\slf4j-api-1.7.26.jar;E:\maven\repository_maven\org\assertj\assertj-core\3.11.1\assertj-core-3.11.1.jar;E:\maven\repository_maven\org\mockito\mockito-core\2.23.4\mockito-core-2.23.4.jar;E:\maven\repository_maven\net\bytebuddy\byte-buddy\1.9.13\byte-buddy-1.9.13.jar;E:\maven\repository_maven\net\bytebuddy\byte-buddy-agent\1.9.13\byte-buddy-agent-1.9.13.jar;E:\maven\repository_maven\org\objenesis\objenesis\2.6\objenesis-2.6.jar;E:\maven\repository_maven\org\hamcrest\hamcrest-core\1.3\hamcrest-core-1.3.jar;E:\maven\repository_maven\org\hamcrest\hamcrest-library\1.3\hamcrest-library-1.3.jar;E:\maven\repository_maven\org\skyscreamer\jsonassert\1.5.0\jsonassert-1.5.0.jar;E:\maven\repository_maven\com\vaadin\external\google\android-json\0.0.20131108.vaadin1\android-json-0.0.20131108.vaadin1.jar;E:\maven\repository_maven\org\springframework\spring-core\5.1.8.RELEASE\spring-core-5.1.8.RELEASE.jar;E:\maven\repository_maven\org\springframework\spring-jcl\5.1.8.RELEASE\spring-jcl-5.1.8.RELEASE.jar;E:\maven\repository_maven\org\springframework\spring-test\5.1.8.RELEASE\spring-test-5.1.8.RELEASE.jar;E:\maven\repository_maven\org\xmlunit\xmlunit-core\2.6.2\xmlunit-core-2.6.2.jar;E:\maven\repository_maven\junit\junit\4.9\junit-4.9.jar;E:\maven\repository_maven\dom4j\dom4j\1.6.1\dom4j-1.6.1.jar;E:\maven\repository_maven\xml-apis\xml-apis\1.4.01\xml-apis-1.4.01.jar;E:\maven\repository_maven\com\alibaba\fastjson\1.1.41\fastjson-1.1.41.jar;"/>
    <property name="java.vm.vendor" value="Oracle Corporation"/>
    <property name="sun.arch.data.model" value="64"/>
    <property name="user.variant" value=""/>
    <property name="java.vendor.url" value="http://java.oracle.com/"/>
    <property name="user.timezone" value="Asia/Shanghai"/>
    <property name="java.vm.specification.version" value="1.8"/>
    <property name="os.name" value="Windows 10"/>
    <property name="user.country" value="CN"/>
    <property name="sun.java.launcher" value="SUN_STANDARD"/>
    <property name="sun.boot.library.path" value="D:\java\java_jdk1.8\jre\bin"/>
    <property name="sun.java.command" value="C:\Users\djc\AppData\Local\Temp\surefire2919890245274770084\surefirebooter1952317988155083801.jar C:\Users\djc\AppData\Local\Temp\surefire2919890245274770084 2019-08-02T15-08-54_340-jvmRun1 surefire5501921191936989420tmp surefire_08025207844761964511tmp"/>
    <property name="surefire.test.class.path" value="E:\HYDATACODE\freemaker_gernerate\target\test-classes;E:\HYDATACODE\freemaker_gernerate\target\classes;E:\maven\repository_maven\org\springframework\boot\spring-boot-starter-freemarker\2.1.6.RELEASE\spring-boot-starter-freemarker-2.1.6.RELEASE.jar;E:\maven\repository_maven\org\springframework\boot\spring-boot-starter\2.1.6.RELEASE\spring-boot-starter-2.1.6.RELEASE.jar;E:\maven\repository_maven\org\springframework\boot\spring-boot\2.1.6.RELEASE\spring-boot-2.1.6.RELEASE.jar;E:\maven\repository_maven\org\springframework\boot\spring-boot-autoconfigure\2.1.6.RELEASE\spring-boot-autoconfigure-2.1.6.RELEASE.jar;E:\maven\repository_maven\org\springframework\boot\spring-boot-starter-logging\2.1.6.RELEASE\spring-boot-starter-logging-2.1.6.RELEASE.jar;E:\maven\repository_maven\ch\qos\logback\logback-classic\1.2.3\logback-classic-1.2.3.jar;E:\maven\repository_maven\ch\qos\logback\logback-core\1.2.3\logback-core-1.2.3.jar;E:\maven\repository_maven\org\apache\logging\log4j\log4j-to-slf4j\2.11.2\log4j-to-slf4j-2.11.2.jar;E:\maven\repository_maven\org\apache\logging\log4j\log4j-api\2.11.2\log4j-api-2.11.2.jar;E:\maven\repository_maven\org\slf4j\jul-to-slf4j\1.7.26\jul-to-slf4j-1.7.26.jar;E:\maven\repository_maven\javax\annotation\javax.annotation-api\1.3.2\javax.annotation-api-1.3.2.jar;E:\maven\repository_maven\org\yaml\snakeyaml\1.23\snakeyaml-1.23.jar;E:\maven\repository_maven\org\freemarker\freemarker\2.3.28\freemarker-2.3.28.jar;E:\maven\repository_maven\org\springframework\spring-context-support\5.1.8.RELEASE\spring-context-support-5.1.8.RELEASE.jar;E:\maven\repository_maven\org\springframework\spring-beans\5.1.8.RELEASE\spring-beans-5.1.8.RELEASE.jar;E:\maven\repository_maven\org\springframework\spring-context\5.1.8.RELEASE\spring-context-5.1.8.RELEASE.jar;E:\maven\repository_maven\org\springframework\boot\spring-boot-starter-web\2.1.6.RELEASE\spring-boot-starter-web-2.1.6.RELEASE.jar;E:\maven\repository_maven\org\springframework\boot\spring-boot-starter-json\2.1.6.RELEASE\spring-boot-starter-json-2.1.6.RELEASE.jar;E:\maven\repository_maven\com\fasterxml\jackson\core\jackson-databind\2.9.9\jackson-databind-2.9.9.jar;E:\maven\repository_maven\com\fasterxml\jackson\core\jackson-annotations\2.9.0\jackson-annotations-2.9.0.jar;E:\maven\repository_maven\com\fasterxml\jackson\core\jackson-core\2.9.9\jackson-core-2.9.9.jar;E:\maven\repository_maven\com\fasterxml\jackson\datatype\jackson-datatype-jdk8\2.9.9\jackson-datatype-jdk8-2.9.9.jar;E:\maven\repository_maven\com\fasterxml\jackson\datatype\jackson-datatype-jsr310\2.9.9\jackson-datatype-jsr310-2.9.9.jar;E:\maven\repository_maven\com\fasterxml\jackson\module\jackson-module-parameter-names\2.9.9\jackson-module-parameter-names-2.9.9.jar;E:\maven\repository_maven\org\springframework\boot\spring-boot-starter-tomcat\2.1.6.RELEASE\spring-boot-starter-tomcat-2.1.6.RELEASE.jar;E:\maven\repository_maven\org\apache\tomcat\embed\tomcat-embed-core\9.0.21\tomcat-embed-core-9.0.21.jar;E:\maven\repository_maven\org\apache\tomcat\embed\tomcat-embed-el\9.0.21\tomcat-embed-el-9.0.21.jar;E:\maven\repository_maven\org\apache\tomcat\embed\tomcat-embed-websocket\9.0.21\tomcat-embed-websocket-9.0.21.jar;E:\maven\repository_maven\org\hibernate\validator\hibernate-validator\6.0.17.Final\hibernate-validator-6.0.17.Final.jar;E:\maven\repository_maven\javax\validation\validation-api\2.0.1.Final\validation-api-2.0.1.Final.jar;E:\maven\repository_maven\org\jboss\logging\jboss-logging\3.3.2.Final\jboss-logging-3.3.2.Final.jar;E:\maven\repository_maven\com\fasterxml\classmate\1.4.0\classmate-1.4.0.jar;E:\maven\repository_maven\org\springframework\spring-web\5.1.8.RELEASE\spring-web-5.1.8.RELEASE.jar;E:\maven\repository_maven\org\springframework\spring-webmvc\5.1.8.RELEASE\spring-webmvc-5.1.8.RELEASE.jar;E:\maven\repository_maven\org\springframework\spring-aop\5.1.8.RELEASE\spring-aop-5.1.8.RELEASE.jar;E:\maven\repository_maven\org\springframework\spring-expression\5.1.8.RELEASE\spring-expression-5.1.8.RELEASE.jar;E:\maven\repository_maven\org\springframework\boot\spring-boot-starter-test\2.1.6.RELEASE\spring-boot-starter-test-2.1.6.RELEASE.jar;E:\maven\repository_maven\org\springframework\boot\spring-boot-test\2.1.6.RELEASE\spring-boot-test-2.1.6.RELEASE.jar;E:\maven\repository_maven\org\springframework\boot\spring-boot-test-autoconfigure\2.1.6.RELEASE\spring-boot-test-autoconfigure-2.1.6.RELEASE.jar;E:\maven\repository_maven\com\jayway\jsonpath\json-path\2.4.0\json-path-2.4.0.jar;E:\maven\repository_maven\net\minidev\json-smart\2.3\json-smart-2.3.jar;E:\maven\repository_maven\net\minidev\accessors-smart\1.2\accessors-smart-1.2.jar;E:\maven\repository_maven\org\ow2\asm\asm\5.0.4\asm-5.0.4.jar;E:\maven\repository_maven\org\slf4j\slf4j-api\1.7.26\slf4j-api-1.7.26.jar;E:\maven\repository_maven\org\assertj\assertj-core\3.11.1\assertj-core-3.11.1.jar;E:\maven\repository_maven\org\mockito\mockito-core\2.23.4\mockito-core-2.23.4.jar;E:\maven\repository_maven\net\bytebuddy\byte-buddy\1.9.13\byte-buddy-1.9.13.jar;E:\maven\repository_maven\net\bytebuddy\byte-buddy-agent\1.9.13\byte-buddy-agent-1.9.13.jar;E:\maven\repository_maven\org\objenesis\objenesis\2.6\objenesis-2.6.jar;E:\maven\repository_maven\org\hamcrest\hamcrest-core\1.3\hamcrest-core-1.3.jar;E:\maven\repository_maven\org\hamcrest\hamcrest-library\1.3\hamcrest-library-1.3.jar;E:\maven\repository_maven\org\skyscreamer\jsonassert\1.5.0\jsonassert-1.5.0.jar;E:\maven\repository_maven\com\vaadin\external\google\android-json\0.0.20131108.vaadin1\android-json-0.0.20131108.vaadin1.jar;E:\maven\repository_maven\org\springframework\spring-core\5.1.8.RELEASE\spring-core-5.1.8.RELEASE.jar;E:\maven\repository_maven\org\springframework\spring-jcl\5.1.8.RELEASE\spring-jcl-5.1.8.RELEASE.jar;E:\maven\repository_maven\org\springframework\spring-test\5.1.8.RELEASE\spring-test-5.1.8.RELEASE.jar;E:\maven\repository_maven\org\xmlunit\xmlunit-core\2.6.2\xmlunit-core-2.6.2.jar;E:\maven\repository_maven\junit\junit\4.9\junit-4.9.jar;E:\maven\repository_maven\dom4j\dom4j\1.6.1\dom4j-1.6.1.jar;E:\maven\repository_maven\xml-apis\xml-apis\1.4.01\xml-apis-1.4.01.jar;E:\maven\repository_maven\com\alibaba\fastjson\1.1.41\fastjson-1.1.41.jar;"/>
    <property name="sun.cpu.endian" value="little"/>
    <property name="user.home" value="C:\Users\djc"/>
    <property name="user.language" value="zh"/>
    <property name="java.specification.vendor" value="Oracle Corporation"/>
    <property name="java.home" value="D:\java\java_jdk1.8\jre"/>
    <property name="basedir" value="E:\HYDATACODE\freemaker_gernerate"/>
    <property name="file.separator" value="\"/>
    <property name="line.separator" value="&#10;"/>
    <property name="java.vm.specification.vendor" value="Oracle Corporation"/>
    <property name="java.specification.name" value="Java Platform API Specification"/>
    <property name="java.awt.graphicsenv" value="sun.awt.Win32GraphicsEnvironment"/>
    <property name="surefire.real.class.path" value="C:\Users\djc\AppData\Local\Temp\surefire2919890245274770084\surefirebooter1952317988155083801.jar"/>
    <property name="sun.boot.class.path" value="D:\java\java_jdk1.8\jre\lib\resources.jar;D:\java\java_jdk1.8\jre\lib\rt.jar;D:\java\java_jdk1.8\jre\lib\sunrsasign.jar;D:\java\java_jdk1.8\jre\lib\jsse.jar;D:\java\java_jdk1.8\jre\lib\jce.jar;D:\java\java_jdk1.8\jre\lib\charsets.jar;D:\java\java_jdk1.8\jre\lib\jfr.jar;D:\java\java_jdk1.8\jre\classes"/>
    <property name="user.script" value=""/>
    <property name="sun.management.compiler" value="HotSpot 64-Bit Tiered Compilers"/>
    <property name="java.runtime.version" value="1.8.0_112-b15"/>
    <property name="user.name" value="djc"/>
    <property name="path.separator" value=";"/>
    <property name="os.version" value="10.0"/>
    <property name="java.endorsed.dirs" value="D:\java\java_jdk1.8\jre\lib\endorsed"/>
    <property name="java.runtime.name" value="Java(TM) SE Runtime Environment"/>
    <property name="file.encoding" value="GBK"/>
    <property name="java.vm.name" value="Java HotSpot(TM) 64-Bit Server VM"/>
    <property name="localRepository" value="E:\maven\repository_maven"/>
    <property name="java.vendor.url.bug" value="http://bugreport.sun.com/bugreport/"/>
    <property name="java.io.tmpdir" value="C:\Users\djc\AppData\Local\Temp\"/>
    <property name="idea.version" value="2018.2.4"/>
    <property name="java.version" value="1.8.0_112"/>
    <property name="user.dir" value="E:\HYDATACODE\freemaker_gernerate"/>
    <property name="os.arch" value="amd64"/>
    <property name="java.vm.specification.name" value="Java Virtual Machine Specification"/>
    <property name="java.awt.printerjob" value="sun.awt.windows.WPrinterJob"/>
    <property name="sun.os.patch.level" value=""/>
    <property name="java.library.path" value="D:\java\java_jdk1.8\jre\bin;C:\WINDOWS\Sun\Java\bin;C:\WINDOWS\system32;C:\WINDOWS;D:\ORACLE\oracleWorkspace\product\11.2.0\dbhome_1\bin;D:\java\java_jdk1.8\bin;E:\maven\apache-maven-3.2.1-bin\apache-maven-3.2.1\bin;E:\BigData\hadoop-2.6.0-cdh5.14.0\bin;C:\Program Files (x86)\Intel\iCLS Client\;C:\Program Files\Intel\iCLS Client\;C:\Windows\system32;C:\Windows;C:\Windows\System32\Wbem;C:\Windows\System32\WindowsPowerShell\v1.0\;C:\Program Files (x86)\Intel\Intel(R) Management Engine Components\DAL;C:\Program Files\Intel\Intel(R) Management Engine Components\DAL;C:\Program Files (x86)\Intel\Intel(R) Management Engine Components\IPT;C:\Program Files\Intel\Intel(R) Management Engine Components\IPT;C:\Program Files (x86)\NVIDIA Corporation\PhysX\Common;C:\WINDOWS\system32;C:\WINDOWS;C:\WINDOWS\System32\Wbem;C:\WINDOWS\System32\WindowsPowerShell\v1.0\;C:\WINDOWS\System32\OpenSSH\;E:\MySQL\bin;E:\git\Git\cmd;E:\git\Tortoise\bin;D:\java\scala\bin;E:\svn\bin;C:\Users\djc\AppData\Local\Microsoft\WindowsApps;;."/>
    <property name="java.vm.info" value="mixed mode"/>
    <property name="java.vendor" value="Oracle Corporation"/>
    <property name="java.vm.version" value="25.112-b15"/>
    <property name="java.ext.dirs" value="D:\java\java_jdk1.8\jre\lib\ext;C:\WINDOWS\Sun\Java\lib\ext"/>
    <property name="sun.io.unicode.encoding" value="UnicodeLittle"/>
    <property name="maven.repo.local" value="E:\maven\repository_maven"/>
    <property name="java.class.version" value="52.0"/>
  </properties>
  <testcase name="initializationError" classname="cc.hydata.createhtml.freemaker_gernerate.FreemakerGernerateApplicationTests" time="0.004">
    <error type="java.lang.ExceptionInInitializerError">java.lang.ExceptionInInitializerError
Caused by: java.lang.IllegalStateException: SpringJUnit4ClassRunner requires JUnit 4.12 or higher.
</error>
  </testcase>
</testsuite>